<?xml version="1.0" encoding="UTF-8"?>
<testsuite xmlns:xsi="http://www.w3.org/2001/XMLSchema-instance" xsi:noNamespaceSchemaLocation="https://maven.apache.org/surefire/maven-surefire-plugin/xsd/surefire-test-report-3.0.xsd" version="3.0" name="com.example.bookstorespringboot.BookstorespringbootApplicationTests" time="4.149" tests="1" errors="0" skipped="0" failures="0">
  <properties>
[...]
</properties>
  <testcase name="contextLoads" classname="com.example.bookstorespringboot.BookstorespringbootApplicationTests" time="0.084">
    <system-out><![CDATA[11:14:15.240 [main] DEBUG org.springframework.test.context.BootstrapUtils - Instantiating CacheAwareContextLoaderDelegate from class [org.springframework.test.context.cache.DefaultCacheAwareContextLoaderDelegate]
11:14:15.246 [main] DEBUG org.springframework.test.context.BootstrapUtils - Instantiating BootstrapContext using constructor [public org.springframework.test.context.support.DefaultBootstrapContext(java.lang.Class,org.springframework.test.context.CacheAwareContextLoaderDelegate)]
11:14:15.269 [main] DEBUG org.springframework.test.context.BootstrapUtils - Instantiating TestContextBootstrapper for test class [com.example.bookstorespringboot.BookstorespringbootApplicationTests] from class [org.springframework.boot.test.context.SpringBootTestContextBootstrapper]
11:14:15.276 [main] INFO org.springframework.boot.test.context.SpringBootTestContextBootstrapper - Neither @ContextConfiguration nor @ContextHierarchy found for test class [com.example.bookstorespringboot.BookstorespringbootApplicationTests], using SpringBootContextLoader
11:14:15.279 [main] DEBUG org.springframework.test.context.support.AbstractContextLoader - Did not detect default resource location for test class [com.example.bookstorespringboot.BookstorespringbootApplicationTests]: class path resource [com/example/bookstorespringboot/BookstorespringbootApplicationTests-context.xml] does not exist
11:14:15.279 [main] DEBUG org.springframework.test.context.support.AbstractContextLoader - Did not detect default resource location for test class [com.example.bookstorespringboot.BookstorespringbootApplicationTests]: class path resource [com/example/bookstorespringboot/BookstorespringbootApplicationTestsContext.groovy] does not exist
11:14:15.279 [main] INFO org.springframework.test.context.support.AbstractContextLoader - Could not detect default resource locations for test class [com.example.bookstorespringboot.BookstorespringbootApplicationTests]: no resource found for suffixes {-context.xml, Context.groovy}.
11:14:15.279 [main] INFO org.springframework.test.context.support.AnnotationConfigContextLoaderUtils - Could not detect default configuration classes for test class [com.example.bookstorespringboot.BookstorespringbootApplicationTests]: BookstorespringbootApplicationTests does not declare any static, non-private, non-final, nested classes annotated with @Configuration.
11:14:15.312 [main] DEBUG org.springframework.test.context.support.ActiveProfilesUtils - Could not find an 'annotation declaring class' for annotation type [org.springframework.test.context.ActiveProfiles] and class [com.example.bookstorespringboot.BookstorespringbootApplicationTests]
11:14:15.375 [main] DEBUG org.springframework.context.annotation.ClassPathScanningCandidateComponentProvider - Identified candidate component class: file [D:\code\bookstorespringboot\target\classes\com\example\bookstorespringboot\BookstorespringbootApplication.class]
11:14:15.376 [main] INFO org.springframework.boot.test.context.SpringBootTestContextBootstrapper - Found @SpringBootConfiguration com.example.bookstorespringboot.BookstorespringbootApplication for test class com.example.bookstorespringboot.BookstorespringbootApplicationTests
11:14:15.432 [main] DEBUG org.springframework.boot.test.context.SpringBootTestContextBootstrapper - @TestExecutionListeners is not present for class [com.example.bookstorespringboot.BookstorespringbootApplicationTests]: using defaults.
11:14:15.433 [main] INFO org.springframework.boot.test.context.SpringBootTestContextBootstrapper - Loaded default TestExecutionListener class names from location [META-INF/spring.factories]: [org.springframework.boot.test.mock.mockito.MockitoTestExecutionListener, org.springframework.boot.test.mock.mockito.ResetMocksTestExecutionListener, org.springframework.boot.test.autoconfigure.restdocs.RestDocsTestExecutionListener, org.springframework.boot.test.autoconfigure.web.client.MockRestServiceServerResetTestExecutionListener, org.springframework.boot.test.autoconfigure.web.servlet.MockMvcPrintOnlyOnFailureTestExecutionListener, org.springframework.boot.test.autoconfigure.web.servlet.WebDriverTestExecutionListener, org.springframework.boot.test.autoconfigure.webservices.client.MockWebServiceServerTestExecutionListener, org.springframework.test.context.web.ServletTestExecutionListener, org.springframework.test.context.support.DirtiesContextBeforeModesTestExecutionListener, org.springframework.test.context.event.ApplicationEventsTestExecutionListener, org.springframework.test.context.support.DependencyInjectionTestExecutionListener, org.springframework.test.context.support.DirtiesContextTestExecutionListener, org.springframework.test.context.transaction.TransactionalTestExecutionListener, org.springframework.test.context.jdbc.SqlScriptsTestExecutionListener, org.springframework.test.context.event.EventPublishingTestExecutionListener]
11:14:15.443 [main] INFO org.springframework.boot.test.context.SpringBootTestContextBootstrapper - Using TestExecutionListeners: [org.springframework.test.context.web.ServletTestExecutionListener@48e92c5c, org.springframework.test.context.support.DirtiesContextBeforeModesTestExecutionListener@2e1ef60, org.springframework.test.context.event.ApplicationEventsTestExecutionListener@22356acd, org.springframework.boot.test.mock.mockito.MockitoTestExecutionListener@386f0da3, org.springframework.boot.test.autoconfigure.SpringBootDependencyInjectionTestExecutionListener@39655d3e, org.springframework.test.context.support.DirtiesContextTestExecutionListener@34f22f9d, org.springframework.test.context.transaction.TransactionalTestExecutionListener@3d1848cc, org.springframework.test.context.jdbc.SqlScriptsTestExecutionListener@7dda48d9, org.springframework.test.context.event.EventPublishingTestExecutionListener@6e4566f1, org.springframework.boot.test.mock.mockito.ResetMocksTestExecutionListener@4b6e2263, org.springframework.boot.test.autoconfigure.restdocs.RestDocsTestExecutionListener@344f4dea, org.springframework.boot.test.autoconfigure.web.client.MockRestServiceServerResetTestExecutionListener@1b7c473a, org.springframework.boot.test.autoconfigure.web.servlet.MockMvcPrintOnlyOnFailureTestExecutionListener@5e4bd84a, org.springframework.boot.test.autoconfigure.web.servlet.WebDriverTestExecutionListener@648c94da, org.springframework.boot.test.autoconfigure.webservices.client.MockWebServiceServerTestExecutionListener@2a62b5bc]
11:14:15.446 [main] DEBUG org.springframework.test.context.support.AbstractDirtiesContextTestExecutionListener - Before test class: context [DefaultTestContext@62ef27a8 testClass = BookstorespringbootApplicationTests, testInstance = [null], testMethod = [null], testException = [null], mergedContextConfiguration = [WebMergedContextConfiguration@6436a7db testClass = BookstorespringbootApplicationTests, locations = '{}', classes = '{class com.example.bookstorespringboot.BookstorespringbootApplication}', contextInitializerClasses = '[]', activeProfiles = '{}', propertySourceLocations = '{}', propertySourceProperties = '{org.springframework.boot.test.context.SpringBootTestContextBootstrapper=true}', contextCustomizers = set[org.springframework.boot.test.context.filter.ExcludeFilterContextCustomizer@740cae06, org.springframework.boot.test.json.DuplicateJsonObjectContextCustomizerFactory$DuplicateJsonObjectContextCustomizer@644baf4a, org.springframework.boot.test.mock.mockito.MockitoContextCustomizer@0, org.springframework.boot.test.web.client.TestRestTemplateContextCustomizer@17f62e33, org.springframework.boot.test.autoconfigure.actuate.metrics.MetricsExportContextCustomizerFactory$DisableMetricExportContextCustomizer@117159c0, org.springframework.boot.test.autoconfigure.properties.PropertyMappingContextCustomizer@0, org.springframework.boot.test.autoconfigure.web.servlet.WebDriverContextCustomizerFactory$Customizer@15043a2f, org.springframework.boot.test.context.SpringBootTestArgs@1, org.springframework.boot.test.context.SpringBootTestWebEnvironment@1e4a7dd4], resourceBasePath = 'src/main/webapp', contextLoader = 'org.springframework.boot.test.context.SpringBootContextLoader', parent = [null]], attributes = map['org.springframework.test.context.web.ServletTestExecutionListener.activateListener' -> true]], class annotated with @DirtiesContext [false] with mode [null].

  .   ____          _            __ _ _
 /\\ / ___'_ __ _ _(_)_ __  __ _ \ \ \ \
( ( )\___ | '_ | '_| | '_ \/ _` | \ \ \ \
 \\/  ___)| |_)| | | | | || (_| |  ) ) ) )
  '  |____| .__|_| |_|_| |_\__, | / / / /
 =========|_|==============|___/=/_/_/_/
 :: Spring Boot ::               (v2.6.13)

2024-04-28 11:14:15.653  INFO 21380 --- [           main] .e.b.BookstorespringbootApplicationTests : Starting BookstorespringbootApplicationTests using Java 21.0.2 on WangYixiao with PID 21380 (started by 23861 in D:\code\bookstorespringboot)
2024-04-28 11:14:15.654  INFO 21380 --- [           main] .e.b.BookstorespringbootApplicationTests : No active profile set, falling back to 1 default profile: "default"
2024-04-28 11:14:16.179  INFO 21380 --- [           main] .s.d.r.c.RepositoryConfigurationDelegate : Bootstrapping Spring Data JPA repositories in DEFAULT mode.
2024-04-28 11:14:16.237  INFO 21380 --- [           main] .s.d.r.c.RepositoryConfigurationDelegate : Finished Spring Data repository scanning in 50 ms. Found 4 JPA repository interfaces.
2024-04-28 11:14:16.700  INFO 21380 --- [           main] com.zaxxer.hikari.HikariDataSource       : HikariPool-1 - Starting...
2024-04-28 11:14:17.056  INFO 21380 --- [           main] com.zaxxer.hikari.HikariDataSource       : HikariPool-1 - Start completed.
2024-04-28 11:14:17.116  INFO 21380 --- [           main] o.hibernate.jpa.internal.util.LogHelper  : HHH000204: Processing PersistenceUnitInfo [name: default]
2024-04-28 11:14:17.163  INFO 21380 --- [           main] org.hibernate.Version                    : HHH000412: Hibernate ORM core version 5.6.12.Final
2024-04-28 11:14:17.326  INFO 21380 --- [           main] o.hibernate.annotations.common.Version   : HCANN000001: Hibernate Commons Annotations {5.1.2.Final}
2024-04-28 11:14:17.439  INFO 21380 --- [           main] org.hibernate.dialect.Dialect            : HHH000400: Using dialect: org.hibernate.dialect.MySQL8Dialect
2024-04-28 11:14:17.840  INFO 21380 --- [           main] o.h.e.t.j.p.i.JtaPlatformInitiator       : HHH000490: Using JtaPlatform implementation: [org.hibernate.engine.transaction.jta.platform.internal.NoJtaPlatform]
2024-04-28 11:14:17.845  INFO 21380 --- [           main] j.LocalContainerEntityManagerFactoryBean : Initialized JPA EntityManagerFactory for persistence unit 'default'
2024-04-28 11:14:18.776  WARN 21380 --- [           main] JpaBaseConfiguration$JpaWebConfiguration : spring.jpa.open-in-view is enabled by default. Therefore, database queries may be performed during view rendering. Explicitly configure spring.jpa.open-in-view to disable this warning
2024-04-28 11:14:19.001  INFO 21380 --- [           main] o.s.b.a.w.s.WelcomePageHandlerMapping    : Adding welcome page: class path resource [static/index.html]
2024-04-28 11:14:19.208  INFO 21380 --- [           main] .e.b.BookstorespringbootApplicationTests : Started BookstorespringbootApplicationTests in 3.74 seconds (JVM running for 4.848)
]]></system-out>
  </testcase>
</testsuite>